METRLA
--------- DMRCMLP ---------
{
    "num_nodes": 207,
    "in_steps": 12,
    "out_steps": 12,
    "train_size": 0.7,
    "val_size": 0.1,
    "time_of_day": true,
    "day_of_week": true,
    "lr": 0.001,
    "weight_decay": 0.0003,
    "milestones": [
        25,
        35
    ],
    "lr_decay_rate": 0.1,
    "batch_size": 16,
    "max_epochs": 100,
    "early_stop": 30,
    "use_cl": false,
    "cl_step_size": 2500,
    "adaptive_mask": true,
    "change_mask_ratio": 8,
    "ratio_decay": 0.5,
    "ratio_threshold": 0.02,
    "seed": 51970489,
    "gpu": [
        0
    ],
    "save": false,
    "model_args": {
        "num_nodes": 207,
        "in_steps": 12,
        "out_steps": 12,
        "steps_per_day": 288,
        "input_dim": 1,
        "output_dim": 1,
        "input_embedding_dim": 24,
        "temporal_embedding_dim": 48,
        "spatial_embedding_dim": 0,
        "adaptive_embedding_dim": 72,
        "add_norm": false,
        "mask_ratio": 0.15,
        "use_recon": false,
        "feed_forward_dim": 256,
        "num_heads": 4,
        "num_shared_layers": 2,
        "num_branch_layers": 2,
        "dropout": 0.1
    }
}
===============================================================================================
Layer (type:depth-idx)                        Output Shape              Param #
===============================================================================================
DMRCMLP                                       --                        283,260
├─Linear: 1-1                                 [16, 12, 207, 24]         48
├─TimeEmbedding: 1-2                          [16, 12, 207, 48]         --
│    └─Embedding: 2-1                         [16, 12, 207, 24]         6,912
│    └─Embedding: 2-2                         [16, 12, 207, 24]         168
├─ModuleList: 1-3                             --                        --
│    └─STAttnBlock: 2-3                       [16, 12, 207, 144]        --
│    │    └─SelfAttentionLayer: 3-1           [16, 12, 207, 144]        158,224
│    │    └─SelfAttentionLayer: 3-2           [16, 12, 207, 144]        158,224
│    └─STAttnBlock: 2-4                       [16, 12, 207, 144]        --
│    │    └─SelfAttentionLayer: 3-3           [16, 12, 207, 144]        158,224
│    │    └─SelfAttentionLayer: 3-4           [16, 12, 207, 144]        158,224
├─Predictor: 1-4                              [16, 12, 207, 1]          --
│    └─ModuleList: 2-5                        --                        --
│    │    └─MultiLayerPerceptron: 3-5         [16, 12, 207, 144]        41,760
│    │    └─MultiLayerPerceptron: 3-6         [16, 12, 207, 144]        41,760
│    └─Linear: 2-6                            [16, 207, 12]             20,748
===============================================================================================
Total params: 1,027,552
Trainable params: 1,027,552
Non-trainable params: 0
Total mult-adds (M): 11.91
===============================================================================================
Input size (MB): 0.48
Forward/backward pass size (MB): 1813.92
Params size (MB): 2.98
Estimated Total Size (MB): 1817.37
===============================================================================================
Loss: LossFusion
Saved Model: saved_models/DMRCMLP-METRLA-2025-01-17-14-54-37.pt
2025-01-17 14:55:59.683934 Epoch 1, Train Y Loss = 4.12158,  Train X Loss = 0.00000, Val Loss = 3.39370
2025-01-17 14:57:22.286194 Epoch 2, Train Y Loss = 3.40830,  Train X Loss = 0.00000, Val Loss = 3.14614
2025-01-17 14:58:45.093704 Epoch 3, Train Y Loss = 3.24176,  Train X Loss = 0.00000, Val Loss = 3.02949
2025-01-17 15:00:07.695744 Epoch 4, Train Y Loss = 3.14569,  Train X Loss = 0.00000, Val Loss = 2.97511
2025-01-17 15:01:30.244201 Epoch 5, Train Y Loss = 3.09093,  Train X Loss = 0.00000, Val Loss = 2.94632
2025-01-17 15:02:52.772550 Epoch 6, Train Y Loss = 3.05121,  Train X Loss = 0.00000, Val Loss = 2.96080
2025-01-17 15:04:14.971721 Epoch 7, Train Y Loss = 3.02191,  Train X Loss = 0.00000, Val Loss = 2.89620
2025-01-17 15:05:37.220687 Epoch 8, Train Y Loss = 2.99857,  Train X Loss = 0.00000, Val Loss = 2.85813
2025-01-17 15:06:59.544861 Epoch 9, Train Y Loss = 2.97663,  Train X Loss = 0.00000, Val Loss = 2.86657
2025-01-17 15:08:21.963775 Epoch 10, Train Y Loss = 2.95693,  Train X Loss = 0.00000, Val Loss = 2.85973
2025-01-17 15:09:44.402649 Epoch 11, Train Y Loss = 2.94073,  Train X Loss = 0.00000, Val Loss = 2.82288
2025-01-17 15:11:06.754616 Epoch 12, Train Y Loss = 2.92549,  Train X Loss = 0.00000, Val Loss = 2.81540
2025-01-17 15:12:29.118596 Epoch 13, Train Y Loss = 2.91978,  Train X Loss = 0.00000, Val Loss = 2.83868
2025-01-17 15:13:51.777498 Epoch 14, Train Y Loss = 2.89893,  Train X Loss = 0.00000, Val Loss = 2.80882
2025-01-17 15:15:14.397398 Epoch 15, Train Y Loss = 2.88896,  Train X Loss = 0.00000, Val Loss = 2.81501
2025-01-17 15:16:37.218612 Epoch 16, Train Y Loss = 2.87633,  Train X Loss = 0.00000, Val Loss = 2.78327
2025-01-17 15:17:59.968697 Epoch 17, Train Y Loss = 2.87353,  Train X Loss = 0.00000, Val Loss = 2.82682
2025-01-17 15:19:22.354743 Epoch 18, Train Y Loss = 2.86284,  Train X Loss = 0.00000, Val Loss = 2.77215
2025-01-17 15:20:44.880693 Epoch 19, Train Y Loss = 2.85704,  Train X Loss = 0.00000, Val Loss = 2.76718
2025-01-17 15:22:07.155323 Epoch 20, Train Y Loss = 2.85160,  Train X Loss = 0.00000, Val Loss = 2.78362
2025-01-17 15:23:29.554878 Epoch 21, Train Y Loss = 2.84520,  Train X Loss = 0.00000, Val Loss = 2.77911
2025-01-17 15:24:52.026005 Epoch 22, Train Y Loss = 2.84002,  Train X Loss = 0.00000, Val Loss = 2.77032
2025-01-17 15:26:14.294703 Epoch 23, Train Y Loss = 2.83554,  Train X Loss = 0.00000, Val Loss = 2.81167
2025-01-17 15:27:36.755355 Epoch 24, Train Y Loss = 2.82935,  Train X Loss = 0.00000, Val Loss = 2.77085
2025-01-17 15:28:59.159944 Epoch 25, Train Y Loss = 2.82851,  Train X Loss = 0.00000, Val Loss = 2.74855
2025-01-17 15:30:21.536987 Epoch 26, Train Y Loss = 2.75261,  Train X Loss = 0.00000, Val Loss = 2.72220
2025-01-17 15:31:44.123724 Epoch 27, Train Y Loss = 2.73857,  Train X Loss = 0.00000, Val Loss = 2.72937
2025-01-17 15:33:06.617619 Epoch 28, Train Y Loss = 2.73250,  Train X Loss = 0.00000, Val Loss = 2.72626
2025-01-17 15:34:29.255849 Epoch 29, Train Y Loss = 2.72899,  Train X Loss = 0.00000, Val Loss = 2.72878
2025-01-17 15:35:51.691016 Epoch 30, Train Y Loss = 2.72478,  Train X Loss = 0.00000, Val Loss = 2.72450
2025-01-17 15:37:14.110692 Epoch 31, Train Y Loss = 2.72020,  Train X Loss = 0.00000, Val Loss = 2.73089
2025-01-17 15:38:36.690602 Epoch 32, Train Y Loss = 2.71921,  Train X Loss = 0.00000, Val Loss = 2.72332
2025-01-17 15:39:58.937694 Epoch 33, Train Y Loss = 2.71579,  Train X Loss = 0.00000, Val Loss = 2.72753
2025-01-17 15:41:21.249535 Epoch 34, Train Y Loss = 2.71487,  Train X Loss = 0.00000, Val Loss = 2.72478
Change mask ratio: 0.075
2025-01-17 15:42:43.106050 Epoch 35, Train Y Loss = 2.69296,  Train X Loss = 0.00000, Val Loss = 2.71676
2025-01-17 15:44:04.467550 Epoch 36, Train Y Loss = 2.68124,  Train X Loss = 0.00000, Val Loss = 2.71510
2025-01-17 15:45:25.983930 Epoch 37, Train Y Loss = 2.67952,  Train X Loss = 0.00000, Val Loss = 2.71360
2025-01-17 15:46:47.713818 Epoch 38, Train Y Loss = 2.67860,  Train X Loss = 0.00000, Val Loss = 2.71394
2025-01-17 15:48:09.221340 Epoch 39, Train Y Loss = 2.67866,  Train X Loss = 0.00000, Val Loss = 2.71435
2025-01-17 15:49:30.998057 Epoch 40, Train Y Loss = 2.67789,  Train X Loss = 0.00000, Val Loss = 2.71379
2025-01-17 15:50:52.716591 Epoch 41, Train Y Loss = 2.67809,  Train X Loss = 0.00000, Val Loss = 2.71409
2025-01-17 15:52:14.472176 Epoch 42, Train Y Loss = 2.67670,  Train X Loss = 0.00000, Val Loss = 2.71497
2025-01-17 15:53:36.343755 Epoch 43, Train Y Loss = 2.67605,  Train X Loss = 0.00000, Val Loss = 2.71434
2025-01-17 15:54:58.200172 Epoch 44, Train Y Loss = 2.67636,  Train X Loss = 0.00000, Val Loss = 2.71339
2025-01-17 15:56:19.768707 Epoch 45, Train Y Loss = 2.67603,  Train X Loss = 0.00000, Val Loss = 2.71394
2025-01-17 15:57:41.302709 Epoch 46, Train Y Loss = 2.67595,  Train X Loss = 0.00000, Val Loss = 2.71321
2025-01-17 15:59:02.751624 Epoch 47, Train Y Loss = 2.67404,  Train X Loss = 0.00000, Val Loss = 2.71460
2025-01-17 16:00:24.157298 Epoch 48, Train Y Loss = 2.67436,  Train X Loss = 0.00000, Val Loss = 2.71530
2025-01-17 16:01:45.654805 Epoch 49, Train Y Loss = 2.67366,  Train X Loss = 0.00000, Val Loss = 2.71345
2025-01-17 16:03:07.203842 Epoch 50, Train Y Loss = 2.67403,  Train X Loss = 0.00000, Val Loss = 2.71542
2025-01-17 16:04:28.821577 Epoch 51, Train Y Loss = 2.67263,  Train X Loss = 0.00000, Val Loss = 2.71460
2025-01-17 16:05:50.369951 Epoch 52, Train Y Loss = 2.67278,  Train X Loss = 0.00000, Val Loss = 2.71512
2025-01-17 16:07:11.814128 Epoch 53, Train Y Loss = 2.67195,  Train X Loss = 0.00000, Val Loss = 2.71386
2025-01-17 16:08:33.569196 Epoch 54, Train Y Loss = 2.67158,  Train X Loss = 0.00000, Val Loss = 2.71574
Change mask ratio: 0.0375
2025-01-17 16:09:54.854354 Epoch 55, Train Y Loss = 2.66153,  Train X Loss = 0.00000, Val Loss = 2.71501
2025-01-17 16:11:16.262919 Epoch 56, Train Y Loss = 2.66070,  Train X Loss = 0.00000, Val Loss = 2.71362
2025-01-17 16:12:37.489845 Epoch 57, Train Y Loss = 2.65980,  Train X Loss = 0.00000, Val Loss = 2.71257
2025-01-17 16:13:58.664032 Epoch 58, Train Y Loss = 2.66021,  Train X Loss = 0.00000, Val Loss = 2.71333
2025-01-17 16:15:19.957813 Epoch 59, Train Y Loss = 2.65868,  Train X Loss = 0.00000, Val Loss = 2.71238
2025-01-17 16:16:41.297284 Epoch 60, Train Y Loss = 2.65847,  Train X Loss = 0.00000, Val Loss = 2.71392
2025-01-17 16:18:02.684136 Epoch 61, Train Y Loss = 2.65738,  Train X Loss = 0.00000, Val Loss = 2.71327
2025-01-17 16:19:24.148681 Epoch 62, Train Y Loss = 2.65751,  Train X Loss = 0.00000, Val Loss = 2.71207
2025-01-17 16:20:45.456898 Epoch 63, Train Y Loss = 2.65704,  Train X Loss = 0.00000, Val Loss = 2.71235
2025-01-17 16:22:06.729045 Epoch 64, Train Y Loss = 2.65599,  Train X Loss = 0.00000, Val Loss = 2.71209
2025-01-17 16:23:28.152384 Epoch 65, Train Y Loss = 2.65616,  Train X Loss = 0.00000, Val Loss = 2.71200
2025-01-17 16:24:49.528540 Epoch 66, Train Y Loss = 2.65543,  Train X Loss = 0.00000, Val Loss = 2.71367
2025-01-17 16:26:10.740862 Epoch 67, Train Y Loss = 2.65465,  Train X Loss = 0.00000, Val Loss = 2.71302
2025-01-17 16:27:31.805251 Epoch 68, Train Y Loss = 2.65451,  Train X Loss = 0.00000, Val Loss = 2.71395
2025-01-17 16:28:52.847472 Epoch 69, Train Y Loss = 2.65406,  Train X Loss = 0.00000, Val Loss = 2.71345
2025-01-17 16:30:14.258608 Epoch 70, Train Y Loss = 2.65335,  Train X Loss = 0.00000, Val Loss = 2.71420
2025-01-17 16:31:35.586159 Epoch 71, Train Y Loss = 2.65301,  Train X Loss = 0.00000, Val Loss = 2.71269
2025-01-17 16:32:56.808719 Epoch 72, Train Y Loss = 2.65245,  Train X Loss = 0.00000, Val Loss = 2.71401
2025-01-17 16:34:17.963545 Epoch 73, Train Y Loss = 2.65139,  Train X Loss = 0.00000, Val Loss = 2.71441
Change mask ratio: 0.0
2025-01-17 16:35:35.074717 Epoch 74, Train Y Loss = 2.64077,  Train X Loss = 0.00000, Val Loss = 2.71541
2025-01-17 16:36:52.395006 Epoch 75, Train Y Loss = 2.64008,  Train X Loss = 0.00000, Val Loss = 2.71768
2025-01-17 16:38:09.776705 Epoch 76, Train Y Loss = 2.63916,  Train X Loss = 0.00000, Val Loss = 2.71578
2025-01-17 16:39:27.033842 Epoch 77, Train Y Loss = 2.63800,  Train X Loss = 0.00000, Val Loss = 2.71464
2025-01-17 16:40:44.390409 Epoch 78, Train Y Loss = 2.63763,  Train X Loss = 0.00000, Val Loss = 2.71442
2025-01-17 16:42:01.670183 Epoch 79, Train Y Loss = 2.63597,  Train X Loss = 0.00000, Val Loss = 2.71463
2025-01-17 16:43:18.877867 Epoch 80, Train Y Loss = 2.63632,  Train X Loss = 0.00000, Val Loss = 2.71778
2025-01-17 16:44:36.011595 Epoch 81, Train Y Loss = 2.63639,  Train X Loss = 0.00000, Val Loss = 2.71618
Change mask ratio: 0.0
2025-01-17 16:45:53.027312 Epoch 82, Train Y Loss = 2.63479,  Train X Loss = 0.00000, Val Loss = 2.71473
2025-01-17 16:47:09.956134 Epoch 83, Train Y Loss = 2.63512,  Train X Loss = 0.00000, Val Loss = 2.71575
2025-01-17 16:48:26.970368 Epoch 84, Train Y Loss = 2.63397,  Train X Loss = 0.00000, Val Loss = 2.71424
2025-01-17 16:49:44.001491 Epoch 85, Train Y Loss = 2.63224,  Train X Loss = 0.00000, Val Loss = 2.71511
2025-01-17 16:51:01.100025 Epoch 86, Train Y Loss = 2.63117,  Train X Loss = 0.00000, Val Loss = 2.71543
2025-01-17 16:52:18.158089 Epoch 87, Train Y Loss = 2.63077,  Train X Loss = 0.00000, Val Loss = 2.71696
2025-01-17 16:53:35.305447 Epoch 88, Train Y Loss = 2.63110,  Train X Loss = 0.00000, Val Loss = 2.71500
2025-01-17 16:54:52.447432 Epoch 89, Train Y Loss = 2.63082,  Train X Loss = 0.00000, Val Loss = 2.71471
Change mask ratio: 0.0
2025-01-17 16:56:09.609037 Epoch 90, Train Y Loss = 2.62934,  Train X Loss = 0.00000, Val Loss = 2.71613
2025-01-17 16:57:26.822636 Epoch 91, Train Y Loss = 2.62808,  Train X Loss = 0.00000, Val Loss = 2.71672
2025-01-17 16:58:44.022615 Epoch 92, Train Y Loss = 2.62789,  Train X Loss = 0.00000, Val Loss = 2.71686
2025-01-17 17:00:01.185815 Epoch 93, Train Y Loss = 2.62730,  Train X Loss = 0.00000, Val Loss = 2.71609
2025-01-17 17:01:18.413402 Epoch 94, Train Y Loss = 2.62629,  Train X Loss = 0.00000, Val Loss = 2.71716
2025-01-17 17:02:35.822500 Epoch 95, Train Y Loss = 2.62617,  Train X Loss = 0.00000, Val Loss = 2.71654
Early stopping at epoch: 95
Best at epoch 65:
Train Loss = 2.65616
Train RMSE = 5.26793, MAE = 2.61814, MAPE = 6.85581
Val Loss = 2.71200
Val RMSE = 5.75875, MAE = 2.76265, MAPE = 7.53119
--------- Test ---------
All Steps RMSE = 6.04212, MAE = 2.94299, MAPE = 7.99522
Step 1 RMSE = 3.95655, MAE = 2.26363, MAPE = 5.49039
Step 2 RMSE = 4.69206, MAE = 2.51135, MAPE = 6.31336
Step 3 RMSE = 5.17353, MAE = 2.67000, MAPE = 6.89042
Step 4 RMSE = 5.53946, MAE = 2.78957, MAPE = 7.35489
Step 5 RMSE = 5.83081, MAE = 2.88975, MAPE = 7.75246
Step 6 RMSE = 6.08824, MAE = 2.97839, MAPE = 8.10178
Step 7 RMSE = 6.31712, MAE = 3.05507, MAPE = 8.40649
Step 8 RMSE = 6.51293, MAE = 3.12012, MAPE = 8.67137
Step 9 RMSE = 6.67518, MAE = 3.17958, MAPE = 8.91340
Step 10 RMSE = 6.82281, MAE = 3.23579, MAPE = 9.13798
Step 11 RMSE = 6.95349, MAE = 3.28543, MAPE = 9.35327
Step 12 RMSE = 7.07947, MAE = 3.33721, MAPE = 9.55707
Inference time: 7.43 s
