PEMSBAY
--------- DMRCMLP ---------
{
    "num_nodes": 325,
    "in_steps": 12,
    "out_steps": 12,
    "train_size": 0.7,
    "val_size": 0.1,
    "time_of_day": true,
    "day_of_week": true,
    "lr": 0.001,
    "weight_decay": 0.0001,
    "milestones": [
        15,
        35
    ],
    "lr_decay_rate": 0.1,
    "batch_size": 16,
    "max_epochs": 100,
    "early_stop": 30,
    "use_cl": false,
    "adaptive_mask": true,
    "change_mask_ratio": 8,
    "ratio_decay": 0.5,
    "ratio_threshold": 0.02,
    "seed": 51970489,
    "gpu": [
        6
    ],
    "save": false,
    "model_args": {
        "num_nodes": 325,
        "in_steps": 12,
        "out_steps": 12,
        "steps_per_day": 288,
        "input_dim": 1,
        "output_dim": 1,
        "input_embedding_dim": 24,
        "temporal_embedding_dim": 48,
        "spatial_embedding_dim": 0,
        "adaptive_embedding_dim": 72,
        "add_norm": false,
        "mask_ratio": 0.15,
        "use_recon": true,
        "feed_forward_dim": 256,
        "num_heads": 4,
        "num_shared_layers": 2,
        "num_branch_layers": 2,
        "dropout": 0.1
    }
}
===============================================================================================
Layer (type:depth-idx)                        Output Shape              Param #
===============================================================================================
DMRCMLP                                       --                        385,212
├─Linear: 1-1                                 [16, 12, 325, 24]         48
├─TimeEmbedding: 1-2                          [16, 12, 325, 48]         --
│    └─Embedding: 2-1                         [16, 12, 325, 24]         6,912
│    └─Embedding: 2-2                         [16, 12, 325, 24]         168
├─ModuleList: 1-3                             --                        --
│    └─STAttnBlock: 2-3                       [16, 12, 325, 144]        --
│    │    └─SelfAttentionLayer: 3-1           [16, 12, 325, 144]        158,224
│    │    └─SelfAttentionLayer: 3-2           [16, 12, 325, 144]        158,224
│    └─STAttnBlock: 2-4                       [16, 12, 325, 144]        --
│    │    └─SelfAttentionLayer: 3-3           [16, 12, 325, 144]        158,224
│    │    └─SelfAttentionLayer: 3-4           [16, 12, 325, 144]        158,224
├─Predictor: 1-4                              [16, 12, 325, 1]          --
│    └─ModuleList: 2-5                        --                        --
│    │    └─MultiLayerPerceptron: 3-5         [16, 12, 325, 144]        41,760
│    │    └─MultiLayerPerceptron: 3-6         [16, 12, 325, 144]        41,760
│    └─Linear: 2-6                            [16, 325, 12]             20,748
===============================================================================================
Total params: 1,129,504
Trainable params: 1,129,504
Non-trainable params: 0
Total mult-adds (M): 11.91
===============================================================================================
Input size (MB): 0.75
Forward/backward pass size (MB): 2847.94
Params size (MB): 2.98
Estimated Total Size (MB): 2851.66
===============================================================================================
Loss: LossFusion
Saved Model: saved_models/DMRCMLP-PEMSBAY-2025-01-18-17-23-25.pt
2025-01-18 17:27:00.687906 Epoch 1, Train Y Loss = 2.06203,  Train X Loss = 1.01912, Val Loss = 2.01662
2025-01-18 17:30:37.358992 Epoch 2, Train Y Loss = 1.72616,  Train X Loss = 0.81075, Val Loss = 1.82184
2025-01-18 17:34:13.878426 Epoch 3, Train Y Loss = 1.62841,  Train X Loss = 0.78185, Val Loss = 1.84281
2025-01-18 17:37:50.158758 Epoch 4, Train Y Loss = 1.59221,  Train X Loss = 0.75766, Val Loss = 1.73779
2025-01-18 17:41:26.803063 Epoch 5, Train Y Loss = 1.56004,  Train X Loss = 0.69904, Val Loss = 1.81973
2025-01-18 17:45:03.696881 Epoch 6, Train Y Loss = 1.53324,  Train X Loss = 0.67567, Val Loss = 1.71871
2025-01-18 17:48:39.815792 Epoch 7, Train Y Loss = 1.51546,  Train X Loss = 0.66437, Val Loss = 1.64168
2025-01-18 17:52:15.546574 Epoch 8, Train Y Loss = 1.50076,  Train X Loss = 0.65697, Val Loss = 1.62794
2025-01-18 17:55:51.352605 Epoch 9, Train Y Loss = 1.49286,  Train X Loss = 0.65321, Val Loss = 1.65676
2025-01-18 17:59:27.022088 Epoch 10, Train Y Loss = 1.48348,  Train X Loss = 0.64844, Val Loss = 1.61845
2025-01-18 18:03:02.625895 Epoch 11, Train Y Loss = 1.47460,  Train X Loss = 0.64570, Val Loss = 1.61139
2025-01-18 18:06:38.153111 Epoch 12, Train Y Loss = 1.46916,  Train X Loss = 0.64341, Val Loss = 1.59629
2025-01-18 18:10:13.614357 Epoch 13, Train Y Loss = 1.46368,  Train X Loss = 0.64171, Val Loss = 1.62309
2025-01-18 18:13:49.025565 Epoch 14, Train Y Loss = 1.45925,  Train X Loss = 0.64089, Val Loss = 1.59654
2025-01-18 18:17:24.146192 Epoch 15, Train Y Loss = 1.45477,  Train X Loss = 0.63872, Val Loss = 1.59273
2025-01-18 18:20:59.391250 Epoch 16, Train Y Loss = 1.40381,  Train X Loss = 0.62010, Val Loss = 1.54246
2025-01-18 18:24:34.670484 Epoch 17, Train Y Loss = 1.39458,  Train X Loss = 0.61764, Val Loss = 1.54338
2025-01-18 18:28:10.078151 Epoch 18, Train Y Loss = 1.39154,  Train X Loss = 0.61704, Val Loss = 1.53853
2025-01-18 18:31:45.206021 Epoch 19, Train Y Loss = 1.38710,  Train X Loss = 0.61589, Val Loss = 1.53468
2025-01-18 18:35:20.930479 Epoch 20, Train Y Loss = 1.38424,  Train X Loss = 0.61549, Val Loss = 1.53171
2025-01-18 18:38:56.365646 Epoch 21, Train Y Loss = 1.38239,  Train X Loss = 0.61548, Val Loss = 1.53430
2025-01-18 18:42:31.556112 Epoch 22, Train Y Loss = 1.38012,  Train X Loss = 0.61473, Val Loss = 1.53326
2025-01-18 18:46:06.660527 Epoch 23, Train Y Loss = 1.37865,  Train X Loss = 0.61461, Val Loss = 1.53809
2025-01-18 18:49:41.615199 Epoch 24, Train Y Loss = 1.37617,  Train X Loss = 0.61437, Val Loss = 1.53085
2025-01-18 18:53:17.044405 Epoch 25, Train Y Loss = 1.37411,  Train X Loss = 0.61413, Val Loss = 1.53533
2025-01-18 18:56:52.017765 Epoch 26, Train Y Loss = 1.37240,  Train X Loss = 0.61398, Val Loss = 1.53257
2025-01-18 19:00:27.446700 Epoch 27, Train Y Loss = 1.37073,  Train X Loss = 0.61367, Val Loss = 1.52980
2025-01-18 19:04:02.995451 Epoch 28, Train Y Loss = 1.36948,  Train X Loss = 0.61347, Val Loss = 1.53146
2025-01-18 19:07:38.134292 Epoch 29, Train Y Loss = 1.36772,  Train X Loss = 0.61337, Val Loss = 1.53308
2025-01-18 19:11:13.263744 Epoch 30, Train Y Loss = 1.36627,  Train X Loss = 0.61284, Val Loss = 1.53207
2025-01-18 19:14:48.197293 Epoch 31, Train Y Loss = 1.36429,  Train X Loss = 0.61247, Val Loss = 1.52837
2025-01-18 19:18:23.064194 Epoch 32, Train Y Loss = 1.36353,  Train X Loss = 0.61253, Val Loss = 1.52898
2025-01-18 19:21:58.166944 Epoch 33, Train Y Loss = 1.36203,  Train X Loss = 0.61274, Val Loss = 1.54192
2025-01-18 19:25:33.668050 Epoch 34, Train Y Loss = 1.36118,  Train X Loss = 0.61221, Val Loss = 1.53188
2025-01-18 19:29:08.748393 Epoch 35, Train Y Loss = 1.36027,  Train X Loss = 0.61188, Val Loss = 1.53135
2025-01-18 19:32:44.055079 Epoch 36, Train Y Loss = 1.35034,  Train X Loss = 0.61006, Val Loss = 1.52379
2025-01-18 19:36:19.362814 Epoch 37, Train Y Loss = 1.34995,  Train X Loss = 0.61013, Val Loss = 1.52145
2025-01-18 19:39:54.801814 Epoch 38, Train Y Loss = 1.34845,  Train X Loss = 0.60982, Val Loss = 1.52153
2025-01-18 19:43:29.891678 Epoch 39, Train Y Loss = 1.34775,  Train X Loss = 0.60950, Val Loss = 1.52432
2025-01-18 19:47:04.815569 Epoch 40, Train Y Loss = 1.34842,  Train X Loss = 0.61014, Val Loss = 1.52625
2025-01-18 19:50:40.008180 Epoch 41, Train Y Loss = 1.34845,  Train X Loss = 0.60978, Val Loss = 1.52464
2025-01-18 19:54:15.213844 Epoch 42, Train Y Loss = 1.34743,  Train X Loss = 0.61019, Val Loss = 1.52553
2025-01-18 19:57:50.645895 Epoch 43, Train Y Loss = 1.34702,  Train X Loss = 0.61005, Val Loss = 1.52416
2025-01-18 20:01:25.898294 Epoch 44, Train Y Loss = 1.34683,  Train X Loss = 0.60992, Val Loss = 1.52506
2025-01-18 20:05:01.489895 Epoch 45, Train Y Loss = 1.34643,  Train X Loss = 0.60978, Val Loss = 1.52443
Change mask ratio: 0.075
2025-01-18 20:08:35.084193 Epoch 46, Train Y Loss = 1.34171,  Train X Loss = 0.29282, Val Loss = 1.52684
2025-01-18 20:12:08.719872 Epoch 47, Train Y Loss = 1.34146,  Train X Loss = 0.29231, Val Loss = 1.52535
2025-01-18 20:15:42.389339 Epoch 48, Train Y Loss = 1.34006,  Train X Loss = 0.29257, Val Loss = 1.52290
2025-01-18 20:19:15.511883 Epoch 49, Train Y Loss = 1.33972,  Train X Loss = 0.29268, Val Loss = 1.52344
2025-01-18 20:22:48.392260 Epoch 50, Train Y Loss = 1.33902,  Train X Loss = 0.29248, Val Loss = 1.52052
2025-01-18 20:26:21.936246 Epoch 51, Train Y Loss = 1.33870,  Train X Loss = 0.29297, Val Loss = 1.52420
2025-01-18 20:29:55.528021 Epoch 52, Train Y Loss = 1.33826,  Train X Loss = 0.29264, Val Loss = 1.52100
2025-01-18 20:33:29.176052 Epoch 53, Train Y Loss = 1.33888,  Train X Loss = 0.29282, Val Loss = 1.52386
2025-01-18 20:37:02.460248 Epoch 54, Train Y Loss = 1.33772,  Train X Loss = 0.29280, Val Loss = 1.52712
2025-01-18 20:40:35.917917 Epoch 55, Train Y Loss = 1.33831,  Train X Loss = 0.29298, Val Loss = 1.52360
2025-01-18 20:44:09.651464 Epoch 56, Train Y Loss = 1.33777,  Train X Loss = 0.29313, Val Loss = 1.52361
2025-01-18 20:47:43.027337 Epoch 57, Train Y Loss = 1.33665,  Train X Loss = 0.29327, Val Loss = 1.52441
2025-01-18 20:51:15.827822 Epoch 58, Train Y Loss = 1.33648,  Train X Loss = 0.29318, Val Loss = 1.52429
Change mask ratio: 0.0375
2025-01-18 20:54:47.777766 Epoch 59, Train Y Loss = 1.33423,  Train X Loss = 0.14368, Val Loss = 1.52212
2025-01-18 20:58:19.887328 Epoch 60, Train Y Loss = 1.33326,  Train X Loss = 0.14403, Val Loss = 1.52328
2025-01-18 21:01:51.958695 Epoch 61, Train Y Loss = 1.33354,  Train X Loss = 0.14414, Val Loss = 1.52340
2025-01-18 21:05:24.187565 Epoch 62, Train Y Loss = 1.33208,  Train X Loss = 0.14408, Val Loss = 1.52118
2025-01-18 21:08:56.487531 Epoch 63, Train Y Loss = 1.33185,  Train X Loss = 0.14432, Val Loss = 1.52177
2025-01-18 21:12:29.105387 Epoch 64, Train Y Loss = 1.33138,  Train X Loss = 0.14411, Val Loss = 1.52247
2025-01-18 21:16:01.338334 Epoch 65, Train Y Loss = 1.33079,  Train X Loss = 0.14440, Val Loss = 1.52164
2025-01-18 21:19:32.991087 Epoch 66, Train Y Loss = 1.33064,  Train X Loss = 0.14433, Val Loss = 1.52302
Change mask ratio: 0.0
2025-01-18 21:22:48.369654 Epoch 67, Train Y Loss = 1.32852,  Train X Loss = 0.00000, Val Loss = 1.51748
2025-01-18 21:26:03.882826 Epoch 68, Train Y Loss = 1.32796,  Train X Loss = 0.00000, Val Loss = 1.51737
2025-01-18 21:29:19.526020 Epoch 69, Train Y Loss = 1.32649,  Train X Loss = 0.00000, Val Loss = 1.52021
2025-01-18 21:32:35.249581 Epoch 70, Train Y Loss = 1.32660,  Train X Loss = 0.00000, Val Loss = 1.52174
2025-01-18 21:35:51.049415 Epoch 71, Train Y Loss = 1.32524,  Train X Loss = 0.00000, Val Loss = 1.52023
2025-01-18 21:39:06.903070 Epoch 72, Train Y Loss = 1.32484,  Train X Loss = 0.00000, Val Loss = 1.51516
2025-01-18 21:42:22.790906 Epoch 73, Train Y Loss = 1.32398,  Train X Loss = 0.00000, Val Loss = 1.51689
2025-01-18 21:45:38.752838 Epoch 74, Train Y Loss = 1.32377,  Train X Loss = 0.00000, Val Loss = 1.51676
2025-01-18 21:48:54.707136 Epoch 75, Train Y Loss = 1.32279,  Train X Loss = 0.00000, Val Loss = 1.51979
2025-01-18 21:52:10.538451 Epoch 76, Train Y Loss = 1.32235,  Train X Loss = 0.00000, Val Loss = 1.51782
2025-01-18 21:55:26.095605 Epoch 77, Train Y Loss = 1.32206,  Train X Loss = 0.00000, Val Loss = 1.52097
2025-01-18 21:58:41.794400 Epoch 78, Train Y Loss = 1.32183,  Train X Loss = 0.00000, Val Loss = 1.51791
2025-01-18 22:01:57.547152 Epoch 79, Train Y Loss = 1.32098,  Train X Loss = 0.00000, Val Loss = 1.51936
2025-01-18 22:05:13.258882 Epoch 80, Train Y Loss = 1.32054,  Train X Loss = 0.00000, Val Loss = 1.51783
Change mask ratio: 0.0
2025-01-18 22:08:29.061401 Epoch 81, Train Y Loss = 1.31993,  Train X Loss = 0.00000, Val Loss = 1.52003
2025-01-18 22:11:44.929689 Epoch 82, Train Y Loss = 1.31926,  Train X Loss = 0.00000, Val Loss = 1.52137
2025-01-18 22:15:00.885322 Epoch 83, Train Y Loss = 1.31880,  Train X Loss = 0.00000, Val Loss = 1.51546
2025-01-18 22:18:16.928862 Epoch 84, Train Y Loss = 1.31897,  Train X Loss = 0.00000, Val Loss = 1.51557
2025-01-18 22:21:32.976959 Epoch 85, Train Y Loss = 1.31778,  Train X Loss = 0.00000, Val Loss = 1.51896
2025-01-18 22:24:48.846909 Epoch 86, Train Y Loss = 1.31737,  Train X Loss = 0.00000, Val Loss = 1.51983
2025-01-18 22:28:04.476915 Epoch 87, Train Y Loss = 1.31767,  Train X Loss = 0.00000, Val Loss = 1.52612
2025-01-18 22:31:20.093119 Epoch 88, Train Y Loss = 1.31668,  Train X Loss = 0.00000, Val Loss = 1.52479
Change mask ratio: 0.0
2025-01-18 22:34:35.857262 Epoch 89, Train Y Loss = 1.31609,  Train X Loss = 0.00000, Val Loss = 1.51821
2025-01-18 22:37:51.562749 Epoch 90, Train Y Loss = 1.31638,  Train X Loss = 0.00000, Val Loss = 1.52188
2025-01-18 22:41:07.395636 Epoch 91, Train Y Loss = 1.31555,  Train X Loss = 0.00000, Val Loss = 1.51994
2025-01-18 22:44:23.388614 Epoch 92, Train Y Loss = 1.31570,  Train X Loss = 0.00000, Val Loss = 1.52180
2025-01-18 22:47:39.447582 Epoch 93, Train Y Loss = 1.31454,  Train X Loss = 0.00000, Val Loss = 1.51819
2025-01-18 22:50:55.448343 Epoch 94, Train Y Loss = 1.31453,  Train X Loss = 0.00000, Val Loss = 1.52094
2025-01-18 22:54:11.537959 Epoch 95, Train Y Loss = 1.31377,  Train X Loss = 0.00000, Val Loss = 1.52413
2025-01-18 22:57:27.666015 Epoch 96, Train Y Loss = 1.31399,  Train X Loss = 0.00000, Val Loss = 1.52088
Change mask ratio: 0.0
2025-01-18 23:00:43.913977 Epoch 97, Train Y Loss = 1.31270,  Train X Loss = 0.00000, Val Loss = 1.52475
2025-01-18 23:04:00.205124 Epoch 98, Train Y Loss = 1.31310,  Train X Loss = 0.00000, Val Loss = 1.52297
2025-01-18 23:07:16.331805 Epoch 99, Train Y Loss = 1.31195,  Train X Loss = 0.00000, Val Loss = 1.52591
2025-01-18 23:10:32.209809 Epoch 100, Train Y Loss = 1.31179,  Train X Loss = 0.00000, Val Loss = 1.52762
Early stopping at epoch: 100
Best at epoch 72:
Train Loss = 1.32484
Train RMSE = 2.91071, MAE = 1.29710, MAPE = 2.77745
Val Loss = 1.51516
Val RMSE = 3.47719, MAE = 1.51361, MAPE = 3.40874
--------- Test ---------
All Steps RMSE = 3.47882, MAE = 1.51469, MAPE = 3.40788
Step 1 RMSE = 1.54614, MAE = 0.84197, MAPE = 1.61794
Step 2 RMSE = 2.19910, MAE = 1.10430, MAPE = 2.23066
Step 3 RMSE = 2.69038, MAE = 1.27707, MAPE = 2.67726
Step 4 RMSE = 3.06476, MAE = 1.40258, MAPE = 3.02962
Step 5 RMSE = 3.34909, MAE = 1.49869, MAPE = 3.31374
Step 6 RMSE = 3.56927, MAE = 1.57550, MAPE = 3.54773
Step 7 RMSE = 3.74630, MAE = 1.63787, MAPE = 3.74484
Step 8 RMSE = 3.88679, MAE = 1.68895, MAPE = 3.90698
Step 9 RMSE = 4.00014, MAE = 1.73302, MAPE = 4.04370
Step 10 RMSE = 4.09495, MAE = 1.77125, MAPE = 4.16268
Step 11 RMSE = 4.17546, MAE = 1.80502, MAPE = 4.26169
Step 12 RMSE = 4.25048, MAE = 1.84003, MAPE = 4.35780
Inference time: 17.81 s
