PEMS04
--------- DMRCMLP ---------
{
    "num_nodes": 307,
    "in_steps": 12,
    "out_steps": 12,
    "train_size": 0.6,
    "val_size": 0.2,
    "time_of_day": true,
    "day_of_week": true,
    "lr": 0.001,
    "weight_decay": 0.0005,
    "milestones": [
        20,
        35,
        55
    ],
    "lr_decay_rate": 0.1,
    "batch_size": 16,
    "max_epochs": 150,
    "early_stop": 30,
    "use_cl": false,
    "cl_step_size": 2500,
    "adaptive_mask": false,
    "change_mask_ratio": 8,
    "ratio_decay": 0.5,
    "ratio_threshold": 0.02,
    "seed": 93048409,
    "gpu": [
        1
    ],
    "save": false,
    "model_args": {
        "num_nodes": 307,
        "in_steps": 12,
        "out_steps": 12,
        "steps_per_day": 288,
        "input_dim": 1,
        "output_dim": 1,
        "input_embedding_dim": 24,
        "temporal_embedding_dim": 48,
        "spatial_embedding_dim": 0,
        "adaptive_embedding_dim": 72,
        "add_norm": false,
        "mask_ratio": 0.0,
        "use_recon": false,
        "feed_forward_dim": 256,
        "num_heads": 4,
        "num_shared_layers": 2,
        "num_branch_layers": 2,
        "dropout": 0.1
    }
}
===============================================================================================
Layer (type:depth-idx)                        Output Shape              Param #
===============================================================================================
DMRCMLP                                       --                        390,540
├─Linear: 1-1                                 [16, 12, 307, 24]         48
├─TimeEmbedding: 1-2                          [16, 12, 307, 48]         --
│    └─Embedding: 2-1                         [16, 12, 307, 24]         6,912
│    └─Embedding: 2-2                         [16, 12, 307, 24]         168
├─ModuleList: 1-3                             --                        --
│    └─STAttnBlock: 2-3                       [16, 12, 307, 144]        --
│    │    └─SelfAttentionLayer: 3-1           [16, 12, 307, 144]        158,224
│    │    └─SelfAttentionLayer: 3-2           [16, 12, 307, 144]        158,224
│    └─STAttnBlock: 2-4                       [16, 12, 307, 144]        --
│    │    └─SelfAttentionLayer: 3-3           [16, 12, 307, 144]        158,224
│    │    └─SelfAttentionLayer: 3-4           [16, 12, 307, 144]        158,224
├─Predictor: 1-4                              [16, 12, 307, 1]          --
│    └─Linear: 2-5                            [16, 12, 307, 144]        20,880
│    └─ModuleList: 2-6                        --                        --
│    │    └─MultiLayerPerceptron: 3-5         [16, 12, 307, 144]        41,760
│    │    └─MultiLayerPerceptron: 3-6         [16, 12, 307, 144]        41,760
│    └─Linear: 2-7                            [16, 307, 12]             20,748
===============================================================================================
Total params: 1,155,712
Trainable params: 1,155,712
Non-trainable params: 0
Total mult-adds (M): 12.24
===============================================================================================
Input size (MB): 0.71
Forward/backward pass size (MB): 2758.11
Params size (MB): 3.06
Estimated Total Size (MB): 2761.88
===============================================================================================
Loss: LossFusion
Saved Model: saved_models/DMRCMLP-PEMS04-2025-01-17-23-00-50.pt
2025-01-17 23:01:49.768204 Epoch 1, Train Y Loss = 27.94844,  Train X Loss = 0.00000, Val Loss = 23.98709
2025-01-17 23:02:48.695106 Epoch 2, Train Y Loss = 22.21695,  Train X Loss = 0.00000, Val Loss = 21.79432
2025-01-17 23:03:47.711805 Epoch 3, Train Y Loss = 20.63409,  Train X Loss = 0.00000, Val Loss = 21.00431
2025-01-17 23:04:46.728072 Epoch 4, Train Y Loss = 19.81315,  Train X Loss = 0.00000, Val Loss = 19.79276
2025-01-17 23:05:45.731178 Epoch 5, Train Y Loss = 19.11179,  Train X Loss = 0.00000, Val Loss = 20.43152
2025-01-17 23:06:44.844753 Epoch 6, Train Y Loss = 18.88758,  Train X Loss = 0.00000, Val Loss = 19.34065
2025-01-17 23:07:43.945911 Epoch 7, Train Y Loss = 18.42303,  Train X Loss = 0.00000, Val Loss = 19.11648
2025-01-17 23:08:43.257335 Epoch 8, Train Y Loss = 18.31520,  Train X Loss = 0.00000, Val Loss = 18.91383
2025-01-17 23:09:42.423384 Epoch 9, Train Y Loss = 18.10253,  Train X Loss = 0.00000, Val Loss = 18.58606
2025-01-17 23:10:41.469884 Epoch 10, Train Y Loss = 17.81984,  Train X Loss = 0.00000, Val Loss = 18.50079
2025-01-17 23:11:40.250843 Epoch 11, Train Y Loss = 17.75821,  Train X Loss = 0.00000, Val Loss = 19.30508
2025-01-17 23:12:39.246554 Epoch 12, Train Y Loss = 17.60066,  Train X Loss = 0.00000, Val Loss = 19.01766
2025-01-17 23:13:38.296873 Epoch 13, Train Y Loss = 17.50013,  Train X Loss = 0.00000, Val Loss = 18.22348
2025-01-17 23:14:37.215284 Epoch 14, Train Y Loss = 17.35062,  Train X Loss = 0.00000, Val Loss = 18.23382
2025-01-17 23:15:36.266775 Epoch 15, Train Y Loss = 17.28568,  Train X Loss = 0.00000, Val Loss = 18.11389
2025-01-17 23:16:35.087890 Epoch 16, Train Y Loss = 17.15097,  Train X Loss = 0.00000, Val Loss = 18.17983
2025-01-17 23:17:33.963651 Epoch 17, Train Y Loss = 17.04985,  Train X Loss = 0.00000, Val Loss = 18.40227
2025-01-17 23:18:32.837416 Epoch 18, Train Y Loss = 17.02198,  Train X Loss = 0.00000, Val Loss = 18.16729
2025-01-17 23:19:31.794998 Epoch 19, Train Y Loss = 16.91368,  Train X Loss = 0.00000, Val Loss = 18.13727
2025-01-17 23:20:30.835213 Epoch 20, Train Y Loss = 16.93116,  Train X Loss = 0.00000, Val Loss = 17.94456
2025-01-17 23:21:29.880047 Epoch 21, Train Y Loss = 16.26185,  Train X Loss = 0.00000, Val Loss = 17.54912
2025-01-17 23:22:28.992723 Epoch 22, Train Y Loss = 16.17449,  Train X Loss = 0.00000, Val Loss = 17.52602
2025-01-17 23:23:28.218664 Epoch 23, Train Y Loss = 16.13445,  Train X Loss = 0.00000, Val Loss = 17.52799
2025-01-17 23:24:27.401757 Epoch 24, Train Y Loss = 16.11346,  Train X Loss = 0.00000, Val Loss = 17.53728
2025-01-17 23:25:26.515201 Epoch 25, Train Y Loss = 16.08700,  Train X Loss = 0.00000, Val Loss = 17.56153
2025-01-17 23:26:25.688768 Epoch 26, Train Y Loss = 16.06582,  Train X Loss = 0.00000, Val Loss = 17.59025
2025-01-17 23:27:24.653590 Epoch 27, Train Y Loss = 16.04387,  Train X Loss = 0.00000, Val Loss = 17.56210
2025-01-17 23:28:23.805420 Epoch 28, Train Y Loss = 16.01746,  Train X Loss = 0.00000, Val Loss = 17.53056
2025-01-17 23:29:22.716472 Epoch 29, Train Y Loss = 15.99667,  Train X Loss = 0.00000, Val Loss = 17.54747
2025-01-17 23:30:21.570064 Epoch 30, Train Y Loss = 15.98153,  Train X Loss = 0.00000, Val Loss = 17.55035
2025-01-17 23:31:20.585764 Epoch 31, Train Y Loss = 15.95525,  Train X Loss = 0.00000, Val Loss = 17.60655
2025-01-17 23:32:19.634049 Epoch 32, Train Y Loss = 15.94042,  Train X Loss = 0.00000, Val Loss = 17.52575
2025-01-17 23:33:18.756709 Epoch 33, Train Y Loss = 15.92089,  Train X Loss = 0.00000, Val Loss = 17.55062
2025-01-17 23:34:17.759724 Epoch 34, Train Y Loss = 15.90362,  Train X Loss = 0.00000, Val Loss = 17.63812
2025-01-17 23:35:16.803911 Epoch 35, Train Y Loss = 15.88271,  Train X Loss = 0.00000, Val Loss = 17.59440
2025-01-17 23:36:15.628969 Epoch 36, Train Y Loss = 15.80454,  Train X Loss = 0.00000, Val Loss = 17.54730
2025-01-17 23:37:14.399317 Epoch 37, Train Y Loss = 15.79938,  Train X Loss = 0.00000, Val Loss = 17.53954
2025-01-17 23:38:13.129377 Epoch 38, Train Y Loss = 15.79473,  Train X Loss = 0.00000, Val Loss = 17.55104
2025-01-17 23:39:12.245037 Epoch 39, Train Y Loss = 15.78907,  Train X Loss = 0.00000, Val Loss = 17.55021
2025-01-17 23:40:11.223577 Epoch 40, Train Y Loss = 15.78462,  Train X Loss = 0.00000, Val Loss = 17.55324
2025-01-17 23:41:10.048658 Epoch 41, Train Y Loss = 15.78810,  Train X Loss = 0.00000, Val Loss = 17.55232
2025-01-17 23:42:09.077190 Epoch 42, Train Y Loss = 15.78116,  Train X Loss = 0.00000, Val Loss = 17.54161
2025-01-17 23:43:07.660908 Epoch 43, Train Y Loss = 15.77651,  Train X Loss = 0.00000, Val Loss = 17.52787
2025-01-17 23:44:06.642170 Epoch 44, Train Y Loss = 15.77841,  Train X Loss = 0.00000, Val Loss = 17.55674
2025-01-17 23:45:05.525393 Epoch 45, Train Y Loss = 15.77209,  Train X Loss = 0.00000, Val Loss = 17.55177
2025-01-17 23:46:04.561859 Epoch 46, Train Y Loss = 15.77566,  Train X Loss = 0.00000, Val Loss = 17.56038
2025-01-17 23:47:03.356640 Epoch 47, Train Y Loss = 15.76725,  Train X Loss = 0.00000, Val Loss = 17.56473
2025-01-17 23:48:02.215626 Epoch 48, Train Y Loss = 15.76463,  Train X Loss = 0.00000, Val Loss = 17.55381
2025-01-17 23:49:01.158283 Epoch 49, Train Y Loss = 15.76856,  Train X Loss = 0.00000, Val Loss = 17.56887
2025-01-17 23:50:00.059739 Epoch 50, Train Y Loss = 15.76041,  Train X Loss = 0.00000, Val Loss = 17.56280
2025-01-17 23:50:58.574176 Epoch 51, Train Y Loss = 15.76074,  Train X Loss = 0.00000, Val Loss = 17.55629
2025-01-17 23:51:57.680566 Epoch 52, Train Y Loss = 15.75604,  Train X Loss = 0.00000, Val Loss = 17.57177
2025-01-17 23:52:56.528694 Epoch 53, Train Y Loss = 15.74839,  Train X Loss = 0.00000, Val Loss = 17.56486
2025-01-17 23:53:55.002636 Epoch 54, Train Y Loss = 15.75177,  Train X Loss = 0.00000, Val Loss = 17.56143
2025-01-17 23:54:54.024162 Epoch 55, Train Y Loss = 15.75037,  Train X Loss = 0.00000, Val Loss = 17.57011
2025-01-17 23:55:53.126642 Epoch 56, Train Y Loss = 15.74311,  Train X Loss = 0.00000, Val Loss = 17.56549
2025-01-17 23:56:52.155314 Epoch 57, Train Y Loss = 15.74325,  Train X Loss = 0.00000, Val Loss = 17.56520
2025-01-17 23:57:51.154711 Epoch 58, Train Y Loss = 15.74646,  Train X Loss = 0.00000, Val Loss = 17.57078
2025-01-17 23:58:50.101573 Epoch 59, Train Y Loss = 15.73706,  Train X Loss = 0.00000, Val Loss = 17.56544
2025-01-17 23:59:49.146157 Epoch 60, Train Y Loss = 15.73765,  Train X Loss = 0.00000, Val Loss = 17.56466
2025-01-18 00:00:48.301809 Epoch 61, Train Y Loss = 15.74168,  Train X Loss = 0.00000, Val Loss = 17.56773
2025-01-18 00:01:47.005724 Epoch 62, Train Y Loss = 15.74042,  Train X Loss = 0.00000, Val Loss = 17.56615
Early stopping at epoch: 62
Best at epoch 32:
Train Loss = 15.94042
Train RMSE = 27.45065, MAE = 16.39227, MAPE = 11.75404
Val Loss = 17.52575
Val RMSE = 30.76806, MAE = 18.19353, MAPE = 11.73142
--------- Test ---------
All Steps RMSE = 30.57952, MAE = 18.22075, MAPE = 12.01199
Step 1 RMSE = 27.10166, MAE = 16.57302, MAPE = 10.96397
Step 2 RMSE = 28.22780, MAE = 17.07500, MAPE = 11.32829
Step 3 RMSE = 29.06200, MAE = 17.46183, MAPE = 11.58469
Step 4 RMSE = 29.72185, MAE = 17.77301, MAPE = 11.75373
Step 5 RMSE = 30.24132, MAE = 18.03643, MAPE = 11.85878
Step 6 RMSE = 30.69558, MAE = 18.25363, MAPE = 11.99997
Step 7 RMSE = 31.12981, MAE = 18.46814, MAPE = 12.12140
Step 8 RMSE = 31.45938, MAE = 18.63445, MAPE = 12.25786
Step 9 RMSE = 31.76714, MAE = 18.82445, MAPE = 12.38870
Step 10 RMSE = 32.01464, MAE = 18.97825, MAPE = 12.51253
Step 11 RMSE = 32.32002, MAE = 19.16697, MAPE = 12.60054
Step 12 RMSE = 32.67677, MAE = 19.40364, MAPE = 12.77332
Inference time: 6.01 s
