METRLA
--------- DMRCMLP ---------
{
    "num_nodes": 207,
    "in_steps": 12,
    "out_steps": 12,
    "train_size": 0.7,
    "val_size": 0.1,
    "time_of_day": true,
    "day_of_week": true,
    "lr": 0.001,
    "weight_decay": 0.0003,
    "milestones": [
        25,
        35
    ],
    "lr_decay_rate": 0.1,
    "batch_size": 16,
    "max_epochs": 100,
    "early_stop": 30,
    "use_cl": false,
    "cl_step_size": 2500,
    "adaptive_mask": true,
    "change_mask_ratio": 8,
    "ratio_decay": 0.5,
    "ratio_threshold": 0.02,
    "seed": 34110658,
    "gpu": [
        0
    ],
    "save": false,
    "model_args": {
        "num_nodes": 207,
        "in_steps": 12,
        "out_steps": 12,
        "steps_per_day": 288,
        "input_dim": 1,
        "output_dim": 1,
        "input_embedding_dim": 24,
        "temporal_embedding_dim": 48,
        "spatial_embedding_dim": 0,
        "adaptive_embedding_dim": 72,
        "add_norm": false,
        "mask_ratio": 0.15,
        "use_recon": false,
        "feed_forward_dim": 256,
        "num_heads": 4,
        "num_shared_layers": 2,
        "num_branch_layers": 2,
        "dropout": 0.1
    }
}
===============================================================================================
Layer (type:depth-idx)                        Output Shape              Param #
===============================================================================================
DMRCMLP                                       --                        283,260
├─Linear: 1-1                                 [16, 12, 207, 24]         48
├─TimeEmbedding: 1-2                          [16, 12, 207, 48]         --
│    └─Embedding: 2-1                         [16, 12, 207, 24]         6,912
│    └─Embedding: 2-2                         [16, 12, 207, 24]         168
├─ModuleList: 1-3                             --                        --
│    └─STAttnBlock: 2-3                       [16, 12, 207, 144]        --
│    │    └─SelfAttentionLayer: 3-1           [16, 12, 207, 144]        158,224
│    │    └─SelfAttentionLayer: 3-2           [16, 12, 207, 144]        158,224
│    └─STAttnBlock: 2-4                       [16, 12, 207, 144]        --
│    │    └─SelfAttentionLayer: 3-3           [16, 12, 207, 144]        158,224
│    │    └─SelfAttentionLayer: 3-4           [16, 12, 207, 144]        158,224
├─Predictor: 1-4                              [16, 12, 207, 1]          --
│    └─ModuleList: 2-5                        --                        --
│    │    └─MultiLayerPerceptron: 3-5         [16, 12, 207, 144]        41,760
│    │    └─MultiLayerPerceptron: 3-6         [16, 12, 207, 144]        41,760
│    └─Linear: 2-6                            [16, 207, 12]             20,748
===============================================================================================
Total params: 1,027,552
Trainable params: 1,027,552
Non-trainable params: 0
Total mult-adds (M): 11.91
===============================================================================================
Input size (MB): 0.48
Forward/backward pass size (MB): 1813.92
Params size (MB): 2.98
Estimated Total Size (MB): 1817.37
===============================================================================================
Loss: LossFusion
Saved Model: saved_models/DMRCMLP-METRLA-2025-01-17-17-03-15.pt
2025-01-17 17:04:38.701682 Epoch 1, Train Y Loss = 4.10033,  Train X Loss = 0.00000, Val Loss = 3.25253
2025-01-17 17:06:01.589519 Epoch 2, Train Y Loss = 3.40255,  Train X Loss = 0.00000, Val Loss = 3.12112
2025-01-17 17:07:24.331805 Epoch 3, Train Y Loss = 3.23642,  Train X Loss = 0.00000, Val Loss = 2.99078
2025-01-17 17:08:46.932515 Epoch 4, Train Y Loss = 3.13507,  Train X Loss = 0.00000, Val Loss = 2.97436
2025-01-17 17:10:09.397636 Epoch 5, Train Y Loss = 3.08283,  Train X Loss = 0.00000, Val Loss = 2.93594
2025-01-17 17:11:31.728138 Epoch 6, Train Y Loss = 3.04480,  Train X Loss = 0.00000, Val Loss = 2.88008
2025-01-17 17:12:54.197631 Epoch 7, Train Y Loss = 3.01749,  Train X Loss = 0.00000, Val Loss = 2.86690
2025-01-17 17:14:16.611950 Epoch 8, Train Y Loss = 2.98805,  Train X Loss = 0.00000, Val Loss = 2.85585
2025-01-17 17:15:38.730910 Epoch 9, Train Y Loss = 2.97024,  Train X Loss = 0.00000, Val Loss = 2.85340
2025-01-17 17:17:00.728283 Epoch 10, Train Y Loss = 2.94810,  Train X Loss = 0.00000, Val Loss = 2.84294
2025-01-17 17:18:22.712966 Epoch 11, Train Y Loss = 2.92976,  Train X Loss = 0.00000, Val Loss = 2.87609
2025-01-17 17:19:44.737861 Epoch 12, Train Y Loss = 2.91227,  Train X Loss = 0.00000, Val Loss = 2.79037
2025-01-17 17:21:06.835483 Epoch 13, Train Y Loss = 2.89946,  Train X Loss = 0.00000, Val Loss = 2.81173
2025-01-17 17:22:29.052623 Epoch 14, Train Y Loss = 2.89143,  Train X Loss = 0.00000, Val Loss = 2.79077
2025-01-17 17:23:51.113437 Epoch 15, Train Y Loss = 2.87456,  Train X Loss = 0.00000, Val Loss = 2.81332
2025-01-17 17:25:13.384125 Epoch 16, Train Y Loss = 2.86293,  Train X Loss = 0.00000, Val Loss = 2.77516
2025-01-17 17:26:35.816814 Epoch 17, Train Y Loss = 2.85729,  Train X Loss = 0.00000, Val Loss = 2.76941
2025-01-17 17:27:58.101278 Epoch 18, Train Y Loss = 2.84957,  Train X Loss = 0.00000, Val Loss = 2.78207
2025-01-17 17:29:20.095655 Epoch 19, Train Y Loss = 2.84247,  Train X Loss = 0.00000, Val Loss = 2.77224
2025-01-17 17:30:42.412787 Epoch 20, Train Y Loss = 2.83803,  Train X Loss = 0.00000, Val Loss = 2.76035
2025-01-17 17:32:04.811319 Epoch 21, Train Y Loss = 2.83181,  Train X Loss = 0.00000, Val Loss = 2.76300
2025-01-17 17:33:27.116782 Epoch 22, Train Y Loss = 2.82550,  Train X Loss = 0.00000, Val Loss = 2.78222
2025-01-17 17:34:49.313511 Epoch 23, Train Y Loss = 2.82144,  Train X Loss = 0.00000, Val Loss = 2.75499
2025-01-17 17:36:11.565011 Epoch 24, Train Y Loss = 2.81643,  Train X Loss = 0.00000, Val Loss = 2.79775
2025-01-17 17:37:33.598479 Epoch 25, Train Y Loss = 2.81445,  Train X Loss = 0.00000, Val Loss = 2.76263
2025-01-17 17:38:55.474548 Epoch 26, Train Y Loss = 2.73881,  Train X Loss = 0.00000, Val Loss = 2.72770
2025-01-17 17:40:17.325325 Epoch 27, Train Y Loss = 2.72301,  Train X Loss = 0.00000, Val Loss = 2.72227
2025-01-17 17:41:39.056239 Epoch 28, Train Y Loss = 2.71780,  Train X Loss = 0.00000, Val Loss = 2.73313
2025-01-17 17:43:00.733901 Epoch 29, Train Y Loss = 2.71221,  Train X Loss = 0.00000, Val Loss = 2.72596
2025-01-17 17:44:22.624508 Epoch 30, Train Y Loss = 2.70849,  Train X Loss = 0.00000, Val Loss = 2.72912
2025-01-17 17:45:44.557192 Epoch 31, Train Y Loss = 2.70621,  Train X Loss = 0.00000, Val Loss = 2.73072
2025-01-17 17:47:06.412273 Epoch 32, Train Y Loss = 2.70248,  Train X Loss = 0.00000, Val Loss = 2.73773
2025-01-17 17:48:28.312184 Epoch 33, Train Y Loss = 2.69926,  Train X Loss = 0.00000, Val Loss = 2.73530
2025-01-17 17:49:50.463986 Epoch 34, Train Y Loss = 2.69771,  Train X Loss = 0.00000, Val Loss = 2.73730
2025-01-17 17:51:12.577378 Epoch 35, Train Y Loss = 2.69562,  Train X Loss = 0.00000, Val Loss = 2.73463
Change mask ratio: 0.075
2025-01-17 17:52:33.994215 Epoch 36, Train Y Loss = 2.66400,  Train X Loss = 0.00000, Val Loss = 2.72586
2025-01-17 17:53:55.266447 Epoch 37, Train Y Loss = 2.66301,  Train X Loss = 0.00000, Val Loss = 2.72298
2025-01-17 17:55:16.477364 Epoch 38, Train Y Loss = 2.66129,  Train X Loss = 0.00000, Val Loss = 2.72340
2025-01-17 17:56:37.672674 Epoch 39, Train Y Loss = 2.65964,  Train X Loss = 0.00000, Val Loss = 2.72313
2025-01-17 17:57:58.785583 Epoch 40, Train Y Loss = 2.66091,  Train X Loss = 0.00000, Val Loss = 2.72185
2025-01-17 17:59:19.916546 Epoch 41, Train Y Loss = 2.65806,  Train X Loss = 0.00000, Val Loss = 2.72240
2025-01-17 18:00:41.166447 Epoch 42, Train Y Loss = 2.65889,  Train X Loss = 0.00000, Val Loss = 2.72231
2025-01-17 18:02:02.350040 Epoch 43, Train Y Loss = 2.65684,  Train X Loss = 0.00000, Val Loss = 2.72225
2025-01-17 18:03:23.642503 Epoch 44, Train Y Loss = 2.65715,  Train X Loss = 0.00000, Val Loss = 2.72327
2025-01-17 18:04:44.959355 Epoch 45, Train Y Loss = 2.65697,  Train X Loss = 0.00000, Val Loss = 2.72235
2025-01-17 18:06:06.339064 Epoch 46, Train Y Loss = 2.65752,  Train X Loss = 0.00000, Val Loss = 2.72172
2025-01-17 18:07:27.680936 Epoch 47, Train Y Loss = 2.65646,  Train X Loss = 0.00000, Val Loss = 2.72156
2025-01-17 18:08:49.077971 Epoch 48, Train Y Loss = 2.65494,  Train X Loss = 0.00000, Val Loss = 2.72333
2025-01-17 18:10:10.429977 Epoch 49, Train Y Loss = 2.65514,  Train X Loss = 0.00000, Val Loss = 2.72201
2025-01-17 18:11:31.788152 Epoch 50, Train Y Loss = 2.65488,  Train X Loss = 0.00000, Val Loss = 2.72339
2025-01-17 18:12:53.042444 Epoch 51, Train Y Loss = 2.65381,  Train X Loss = 0.00000, Val Loss = 2.72313
2025-01-17 18:14:14.294554 Epoch 52, Train Y Loss = 2.65324,  Train X Loss = 0.00000, Val Loss = 2.72237
2025-01-17 18:15:35.384578 Epoch 53, Train Y Loss = 2.65397,  Train X Loss = 0.00000, Val Loss = 2.72365
2025-01-17 18:16:56.514972 Epoch 54, Train Y Loss = 2.65259,  Train X Loss = 0.00000, Val Loss = 2.72464
2025-01-17 18:18:17.663665 Epoch 55, Train Y Loss = 2.65211,  Train X Loss = 0.00000, Val Loss = 2.72362
Change mask ratio: 0.0375
2025-01-17 18:19:38.428685 Epoch 56, Train Y Loss = 2.64061,  Train X Loss = 0.00000, Val Loss = 2.71890
2025-01-17 18:20:59.317620 Epoch 57, Train Y Loss = 2.64042,  Train X Loss = 0.00000, Val Loss = 2.72032
2025-01-17 18:22:20.211349 Epoch 58, Train Y Loss = 2.63960,  Train X Loss = 0.00000, Val Loss = 2.71961
2025-01-17 18:23:41.081620 Epoch 59, Train Y Loss = 2.63874,  Train X Loss = 0.00000, Val Loss = 2.72032
2025-01-17 18:25:02.081188 Epoch 60, Train Y Loss = 2.63831,  Train X Loss = 0.00000, Val Loss = 2.71784
2025-01-17 18:26:23.039959 Epoch 61, Train Y Loss = 2.63847,  Train X Loss = 0.00000, Val Loss = 2.71964
2025-01-17 18:27:44.013432 Epoch 62, Train Y Loss = 2.63671,  Train X Loss = 0.00000, Val Loss = 2.71792
2025-01-17 18:29:05.014952 Epoch 63, Train Y Loss = 2.63762,  Train X Loss = 0.00000, Val Loss = 2.71835
2025-01-17 18:30:26.124699 Epoch 64, Train Y Loss = 2.63583,  Train X Loss = 0.00000, Val Loss = 2.71969
2025-01-17 18:31:47.101726 Epoch 65, Train Y Loss = 2.63719,  Train X Loss = 0.00000, Val Loss = 2.71892
2025-01-17 18:33:08.039640 Epoch 66, Train Y Loss = 2.63536,  Train X Loss = 0.00000, Val Loss = 2.72056
2025-01-17 18:34:29.172613 Epoch 67, Train Y Loss = 2.63463,  Train X Loss = 0.00000, Val Loss = 2.72080
2025-01-17 18:35:49.957548 Epoch 68, Train Y Loss = 2.63345,  Train X Loss = 0.00000, Val Loss = 2.71978
Change mask ratio: 0.0
2025-01-17 18:37:06.903283 Epoch 69, Train Y Loss = 2.62280,  Train X Loss = 0.00000, Val Loss = 2.71704
2025-01-17 18:38:23.915926 Epoch 70, Train Y Loss = 2.62106,  Train X Loss = 0.00000, Val Loss = 2.71813
2025-01-17 18:39:41.026228 Epoch 71, Train Y Loss = 2.61991,  Train X Loss = 0.00000, Val Loss = 2.71688
2025-01-17 18:40:58.170214 Epoch 72, Train Y Loss = 2.61956,  Train X Loss = 0.00000, Val Loss = 2.71772
2025-01-17 18:42:15.385549 Epoch 73, Train Y Loss = 2.61927,  Train X Loss = 0.00000, Val Loss = 2.71718
2025-01-17 18:43:32.661238 Epoch 74, Train Y Loss = 2.61790,  Train X Loss = 0.00000, Val Loss = 2.71795
2025-01-17 18:44:49.924255 Epoch 75, Train Y Loss = 2.61590,  Train X Loss = 0.00000, Val Loss = 2.71596
2025-01-17 18:46:07.242094 Epoch 76, Train Y Loss = 2.61649,  Train X Loss = 0.00000, Val Loss = 2.71676
2025-01-17 18:47:24.541825 Epoch 77, Train Y Loss = 2.61521,  Train X Loss = 0.00000, Val Loss = 2.71790
2025-01-17 18:48:41.860213 Epoch 78, Train Y Loss = 2.61488,  Train X Loss = 0.00000, Val Loss = 2.71701
2025-01-17 18:49:59.171003 Epoch 79, Train Y Loss = 2.61407,  Train X Loss = 0.00000, Val Loss = 2.71621
2025-01-17 18:51:16.507354 Epoch 80, Train Y Loss = 2.61269,  Train X Loss = 0.00000, Val Loss = 2.71769
2025-01-17 18:52:33.702169 Epoch 81, Train Y Loss = 2.61237,  Train X Loss = 0.00000, Val Loss = 2.71793
2025-01-17 18:53:50.780857 Epoch 82, Train Y Loss = 2.61191,  Train X Loss = 0.00000, Val Loss = 2.71912
2025-01-17 18:55:07.858650 Epoch 83, Train Y Loss = 2.61039,  Train X Loss = 0.00000, Val Loss = 2.71742
Change mask ratio: 0.0
2025-01-17 18:56:24.937174 Epoch 84, Train Y Loss = 2.60991,  Train X Loss = 0.00000, Val Loss = 2.71883
2025-01-17 18:57:41.953309 Epoch 85, Train Y Loss = 2.60825,  Train X Loss = 0.00000, Val Loss = 2.71722
2025-01-17 18:58:59.049031 Epoch 86, Train Y Loss = 2.60841,  Train X Loss = 0.00000, Val Loss = 2.71764
2025-01-17 19:00:16.257562 Epoch 87, Train Y Loss = 2.60741,  Train X Loss = 0.00000, Val Loss = 2.71831
2025-01-17 19:01:33.438614 Epoch 88, Train Y Loss = 2.60679,  Train X Loss = 0.00000, Val Loss = 2.71921
2025-01-17 19:02:50.730252 Epoch 89, Train Y Loss = 2.60585,  Train X Loss = 0.00000, Val Loss = 2.72234
2025-01-17 19:04:08.013785 Epoch 90, Train Y Loss = 2.60643,  Train X Loss = 0.00000, Val Loss = 2.71866
2025-01-17 19:05:25.276078 Epoch 91, Train Y Loss = 2.60435,  Train X Loss = 0.00000, Val Loss = 2.71995
Change mask ratio: 0.0
2025-01-17 19:06:42.639204 Epoch 92, Train Y Loss = 2.60377,  Train X Loss = 0.00000, Val Loss = 2.72031
2025-01-17 19:08:00.008035 Epoch 93, Train Y Loss = 2.60258,  Train X Loss = 0.00000, Val Loss = 2.71955
2025-01-17 19:09:17.264591 Epoch 94, Train Y Loss = 2.60322,  Train X Loss = 0.00000, Val Loss = 2.72062
2025-01-17 19:10:34.549277 Epoch 95, Train Y Loss = 2.60172,  Train X Loss = 0.00000, Val Loss = 2.72078
2025-01-17 19:11:51.734161 Epoch 96, Train Y Loss = 2.60112,  Train X Loss = 0.00000, Val Loss = 2.72064
2025-01-17 19:13:08.864125 Epoch 97, Train Y Loss = 2.59999,  Train X Loss = 0.00000, Val Loss = 2.72165
2025-01-17 19:14:25.902967 Epoch 98, Train Y Loss = 2.59900,  Train X Loss = 0.00000, Val Loss = 2.72003
2025-01-17 19:15:42.962110 Epoch 99, Train Y Loss = 2.59823,  Train X Loss = 0.00000, Val Loss = 2.72126
Change mask ratio: 0.0
2025-01-17 19:17:00.069878 Epoch 100, Train Y Loss = 2.59892,  Train X Loss = 0.00000, Val Loss = 2.72205
Early stopping at epoch: 100
Best at epoch 75:
Train Loss = 2.61590
Train RMSE = 5.17317, MAE = 2.58580, MAPE = 6.72794
Val Loss = 2.71596
Val RMSE = 5.77098, MAE = 2.76539, MAPE = 7.55635
--------- Test ---------
All Steps RMSE = 6.02836, MAE = 2.93827, MAPE = 7.97899
Step 1 RMSE = 3.93834, MAE = 2.25547, MAPE = 5.46827
Step 2 RMSE = 4.66621, MAE = 2.50148, MAPE = 6.28568
Step 3 RMSE = 5.14472, MAE = 2.65800, MAPE = 6.85067
Step 4 RMSE = 5.50828, MAE = 2.77889, MAPE = 7.31963
Step 5 RMSE = 5.80638, MAE = 2.88046, MAPE = 7.71828
Step 6 RMSE = 6.06523, MAE = 2.96885, MAPE = 8.06773
Step 7 RMSE = 6.30258, MAE = 3.04885, MAPE = 8.38155
Step 8 RMSE = 6.50793, MAE = 3.11928, MAPE = 8.66622
Step 9 RMSE = 6.67282, MAE = 3.18218, MAPE = 8.92429
Step 10 RMSE = 6.81723, MAE = 3.23766, MAPE = 9.15084
Step 11 RMSE = 6.95177, MAE = 3.28784, MAPE = 9.35582
Step 12 RMSE = 7.07795, MAE = 3.34037, MAPE = 9.55910
Inference time: 7.40 s
