PEMS03
--------- DMRCMLP ---------
{
    "num_nodes": 358,
    "in_steps": 12,
    "out_steps": 12,
    "train_size": 0.6,
    "val_size": 0.2,
    "time_of_day": true,
    "day_of_week": true,
    "lr": 0.001,
    "weight_decay": 0.0005,
    "milestones": [
        20,
        35,
        50
    ],
    "lr_decay_rate": 0.1,
    "batch_size": 16,
    "max_epochs": 120,
    "early_stop": 20,
    "use_cl": false,
    "cl_step_size": 2500,
    "adaptive_mask": true,
    "change_mask_ratio": 8,
    "ratio_decay": 0.5,
    "ratio_threshold": 0.02,
    "seed": 20436023,
    "gpu": [
        3
    ],
    "save": false,
    "model_args": {
        "num_nodes": 358,
        "in_steps": 12,
        "out_steps": 12,
        "steps_per_day": 288,
        "input_dim": 1,
        "output_dim": 1,
        "input_embedding_dim": 24,
        "temporal_embedding_dim": 48,
        "spatial_embedding_dim": 0,
        "adaptive_embedding_dim": 72,
        "add_norm": false,
        "mask_ratio": 0.15,
        "use_recon": false,
        "feed_forward_dim": 256,
        "num_heads": 4,
        "num_shared_layers": 2,
        "num_branch_layers": 2,
        "dropout": 0.1
    }
}
===============================================================================================
Layer (type:depth-idx)                        Output Shape              Param #
===============================================================================================
DMRCMLP                                       --                        434,604
├─Linear: 1-1                                 [16, 12, 358, 24]         48
├─TimeEmbedding: 1-2                          [16, 12, 358, 48]         --
│    └─Embedding: 2-1                         [16, 12, 358, 24]         6,912
│    └─Embedding: 2-2                         [16, 12, 358, 24]         168
├─ModuleList: 1-3                             --                        --
│    └─STAttnBlock: 2-3                       [16, 12, 358, 144]        --
│    │    └─SelfAttentionLayer: 3-1           [16, 12, 358, 144]        158,224
│    │    └─SelfAttentionLayer: 3-2           [16, 12, 358, 144]        158,224
│    └─STAttnBlock: 2-4                       [16, 12, 358, 144]        --
│    │    └─SelfAttentionLayer: 3-3           [16, 12, 358, 144]        158,224
│    │    └─SelfAttentionLayer: 3-4           [16, 12, 358, 144]        158,224
├─Predictor: 1-4                              [16, 12, 358, 1]          --
│    └─Linear: 2-5                            [16, 12, 358, 144]        20,880
│    └─ModuleList: 2-6                        --                        --
│    │    └─MultiLayerPerceptron: 3-5         [16, 12, 358, 144]        41,760
│    │    └─MultiLayerPerceptron: 3-6         [16, 12, 358, 144]        41,760
│    └─Linear: 2-7                            [16, 358, 12]             20,748
===============================================================================================
Total params: 1,199,776
Trainable params: 1,199,776
Non-trainable params: 0
Total mult-adds (M): 12.24
===============================================================================================
Input size (MB): 0.82
Forward/backward pass size (MB): 3216.29
Params size (MB): 3.06
Estimated Total Size (MB): 3220.18
===============================================================================================
Loss: LossFusion
Saved Model: saved_models/DMRCMLP-PEMS03-2025-01-18-06-23-03.pt
2025-01-18 06:25:09.988613 Epoch 1, Train Y Loss = 21.18818,  Train X Loss = 0.00000, Val Loss = 16.85160
2025-01-18 06:27:17.058881 Epoch 2, Train Y Loss = 16.60454,  Train X Loss = 0.00000, Val Loss = 16.21091
2025-01-18 06:29:23.783751 Epoch 3, Train Y Loss = 15.59264,  Train X Loss = 0.00000, Val Loss = 15.06618
2025-01-18 06:31:30.174702 Epoch 4, Train Y Loss = 14.94293,  Train X Loss = 0.00000, Val Loss = 15.10832
2025-01-18 06:33:37.370077 Epoch 5, Train Y Loss = 14.56506,  Train X Loss = 0.00000, Val Loss = 14.86403
2025-01-18 06:35:43.161288 Epoch 6, Train Y Loss = 14.29103,  Train X Loss = 0.00000, Val Loss = 14.63224
2025-01-18 06:37:49.126850 Epoch 7, Train Y Loss = 14.06071,  Train X Loss = 0.00000, Val Loss = 14.51807
2025-01-18 06:39:54.692952 Epoch 8, Train Y Loss = 13.85395,  Train X Loss = 0.00000, Val Loss = 14.60009
2025-01-18 06:42:01.072036 Epoch 9, Train Y Loss = 13.75578,  Train X Loss = 0.00000, Val Loss = 14.12404
2025-01-18 06:44:07.793296 Epoch 10, Train Y Loss = 13.51508,  Train X Loss = 0.00000, Val Loss = 13.96841
2025-01-18 06:46:13.576553 Epoch 11, Train Y Loss = 13.33891,  Train X Loss = 0.00000, Val Loss = 13.99459
2025-01-18 06:48:20.656197 Epoch 12, Train Y Loss = 13.31470,  Train X Loss = 0.00000, Val Loss = 13.68266
2025-01-18 06:50:26.915991 Epoch 13, Train Y Loss = 13.17919,  Train X Loss = 0.00000, Val Loss = 13.59271
2025-01-18 06:52:32.918507 Epoch 14, Train Y Loss = 13.07453,  Train X Loss = 0.00000, Val Loss = 13.75318
2025-01-18 06:54:39.190831 Epoch 15, Train Y Loss = 12.99624,  Train X Loss = 0.00000, Val Loss = 13.56621
2025-01-18 06:56:44.490505 Epoch 16, Train Y Loss = 12.89395,  Train X Loss = 0.00000, Val Loss = 13.93698
2025-01-18 06:58:51.103794 Epoch 17, Train Y Loss = 12.83882,  Train X Loss = 0.00000, Val Loss = 13.75793
2025-01-18 07:00:57.493399 Epoch 18, Train Y Loss = 12.76359,  Train X Loss = 0.00000, Val Loss = 13.37374
2025-01-18 07:03:02.714883 Epoch 19, Train Y Loss = 12.69571,  Train X Loss = 0.00000, Val Loss = 13.67400
2025-01-18 07:05:09.128638 Epoch 20, Train Y Loss = 12.64999,  Train X Loss = 0.00000, Val Loss = 13.69191
2025-01-18 07:07:14.383417 Epoch 21, Train Y Loss = 12.15839,  Train X Loss = 0.00000, Val Loss = 13.21760
2025-01-18 07:09:19.655874 Epoch 22, Train Y Loss = 12.09040,  Train X Loss = 0.00000, Val Loss = 13.24090
2025-01-18 07:11:24.944322 Epoch 23, Train Y Loss = 12.06389,  Train X Loss = 0.00000, Val Loss = 13.27939
2025-01-18 07:13:30.578357 Epoch 24, Train Y Loss = 12.04204,  Train X Loss = 0.00000, Val Loss = 13.20200
2025-01-18 07:15:37.222109 Epoch 25, Train Y Loss = 12.02429,  Train X Loss = 0.00000, Val Loss = 13.27354
2025-01-18 07:17:43.349676 Epoch 26, Train Y Loss = 12.00711,  Train X Loss = 0.00000, Val Loss = 13.20393
2025-01-18 07:19:49.260029 Epoch 27, Train Y Loss = 11.99112,  Train X Loss = 0.00000, Val Loss = 13.24566
2025-01-18 07:21:55.407264 Epoch 28, Train Y Loss = 11.97546,  Train X Loss = 0.00000, Val Loss = 13.22853
2025-01-18 07:24:01.297114 Epoch 29, Train Y Loss = 11.96274,  Train X Loss = 0.00000, Val Loss = 13.29836
2025-01-18 07:26:07.376293 Epoch 30, Train Y Loss = 11.94885,  Train X Loss = 0.00000, Val Loss = 13.22078
2025-01-18 07:28:13.604264 Epoch 31, Train Y Loss = 11.93495,  Train X Loss = 0.00000, Val Loss = 13.32230
2025-01-18 07:30:19.384471 Epoch 32, Train Y Loss = 11.92147,  Train X Loss = 0.00000, Val Loss = 13.23159
Change mask ratio: 0.075
2025-01-18 07:32:22.794848 Epoch 33, Train Y Loss = 11.87170,  Train X Loss = 0.00000, Val Loss = 13.13009
2025-01-18 07:34:27.094849 Epoch 34, Train Y Loss = 11.85832,  Train X Loss = 0.00000, Val Loss = 13.21667
2025-01-18 07:36:30.868010 Epoch 35, Train Y Loss = 11.84341,  Train X Loss = 0.00000, Val Loss = 13.26637
2025-01-18 07:38:34.500585 Epoch 36, Train Y Loss = 11.77879,  Train X Loss = 0.00000, Val Loss = 13.14474
2025-01-18 07:40:37.953773 Epoch 37, Train Y Loss = 11.77176,  Train X Loss = 0.00000, Val Loss = 13.15990
2025-01-18 07:42:41.919547 Epoch 38, Train Y Loss = 11.76835,  Train X Loss = 0.00000, Val Loss = 13.14986
2025-01-18 07:44:45.440567 Epoch 39, Train Y Loss = 11.76554,  Train X Loss = 0.00000, Val Loss = 13.15908
2025-01-18 07:46:49.866869 Epoch 40, Train Y Loss = 11.76360,  Train X Loss = 0.00000, Val Loss = 13.18969
2025-01-18 07:48:53.663940 Epoch 41, Train Y Loss = 11.76114,  Train X Loss = 0.00000, Val Loss = 13.13789
Change mask ratio: 0.0375
2025-01-18 07:50:57.281877 Epoch 42, Train Y Loss = 11.73984,  Train X Loss = 0.00000, Val Loss = 13.14710
2025-01-18 07:53:01.250453 Epoch 43, Train Y Loss = 11.73683,  Train X Loss = 0.00000, Val Loss = 13.10108
2025-01-18 07:55:04.327274 Epoch 44, Train Y Loss = 11.73398,  Train X Loss = 0.00000, Val Loss = 13.11013
2025-01-18 07:57:06.902481 Epoch 45, Train Y Loss = 11.73273,  Train X Loss = 0.00000, Val Loss = 13.12030
2025-01-18 07:59:09.883685 Epoch 46, Train Y Loss = 11.72985,  Train X Loss = 0.00000, Val Loss = 13.10920
2025-01-18 08:01:12.247903 Epoch 47, Train Y Loss = 11.72743,  Train X Loss = 0.00000, Val Loss = 13.12298
2025-01-18 08:03:15.095255 Epoch 48, Train Y Loss = 11.72638,  Train X Loss = 0.00000, Val Loss = 13.12002
2025-01-18 08:05:17.224883 Epoch 49, Train Y Loss = 11.72427,  Train X Loss = 0.00000, Val Loss = 13.09895
2025-01-18 08:07:19.710428 Epoch 50, Train Y Loss = 11.72197,  Train X Loss = 0.00000, Val Loss = 13.10618
2025-01-18 08:09:22.406803 Epoch 51, Train Y Loss = 11.71476,  Train X Loss = 0.00000, Val Loss = 13.11095
2025-01-18 08:11:25.344284 Epoch 52, Train Y Loss = 11.71331,  Train X Loss = 0.00000, Val Loss = 13.11861
2025-01-18 08:13:27.731218 Epoch 53, Train Y Loss = 11.71339,  Train X Loss = 0.00000, Val Loss = 13.10787
2025-01-18 08:15:30.776366 Epoch 54, Train Y Loss = 11.71283,  Train X Loss = 0.00000, Val Loss = 13.11597
2025-01-18 08:17:33.521587 Epoch 55, Train Y Loss = 11.71256,  Train X Loss = 0.00000, Val Loss = 13.11120
2025-01-18 08:19:36.356168 Epoch 56, Train Y Loss = 11.71245,  Train X Loss = 0.00000, Val Loss = 13.11225
2025-01-18 08:21:39.341702 Epoch 57, Train Y Loss = 11.71181,  Train X Loss = 0.00000, Val Loss = 13.11811
Change mask ratio: 0.0
2025-01-18 08:23:27.238883 Epoch 58, Train Y Loss = 11.73216,  Train X Loss = 0.00000, Val Loss = 13.08685
2025-01-18 08:25:15.145469 Epoch 59, Train Y Loss = 11.71604,  Train X Loss = 0.00000, Val Loss = 13.06823
2025-01-18 08:27:03.161710 Epoch 60, Train Y Loss = 11.71023,  Train X Loss = 0.00000, Val Loss = 13.06557
2025-01-18 08:28:51.120233 Epoch 61, Train Y Loss = 11.70714,  Train X Loss = 0.00000, Val Loss = 13.07189
2025-01-18 08:30:38.866718 Epoch 62, Train Y Loss = 11.70491,  Train X Loss = 0.00000, Val Loss = 13.06410
2025-01-18 08:32:26.576332 Epoch 63, Train Y Loss = 11.70248,  Train X Loss = 0.00000, Val Loss = 13.06090
2025-01-18 08:34:14.541982 Epoch 64, Train Y Loss = 11.70129,  Train X Loss = 0.00000, Val Loss = 13.06078
2025-01-18 08:36:02.393828 Epoch 65, Train Y Loss = 11.69982,  Train X Loss = 0.00000, Val Loss = 13.06538
2025-01-18 08:37:50.587179 Epoch 66, Train Y Loss = 11.69958,  Train X Loss = 0.00000, Val Loss = 13.06019
2025-01-18 08:39:38.668753 Epoch 67, Train Y Loss = 11.69815,  Train X Loss = 0.00000, Val Loss = 13.06371
2025-01-18 08:41:26.306284 Epoch 68, Train Y Loss = 11.69749,  Train X Loss = 0.00000, Val Loss = 13.06355
2025-01-18 08:43:14.271081 Epoch 69, Train Y Loss = 11.69617,  Train X Loss = 0.00000, Val Loss = 13.05987
2025-01-18 08:45:02.381173 Epoch 70, Train Y Loss = 11.69633,  Train X Loss = 0.00000, Val Loss = 13.07092
2025-01-18 08:46:50.539228 Epoch 71, Train Y Loss = 11.69516,  Train X Loss = 0.00000, Val Loss = 13.06628
2025-01-18 08:48:38.715539 Epoch 72, Train Y Loss = 11.69485,  Train X Loss = 0.00000, Val Loss = 13.06068
2025-01-18 08:50:27.328496 Epoch 73, Train Y Loss = 11.69465,  Train X Loss = 0.00000, Val Loss = 13.05884
2025-01-18 08:52:16.269778 Epoch 74, Train Y Loss = 11.69440,  Train X Loss = 0.00000, Val Loss = 13.06372
2025-01-18 08:54:05.191504 Epoch 75, Train Y Loss = 11.69377,  Train X Loss = 0.00000, Val Loss = 13.07053
2025-01-18 08:55:52.989176 Epoch 76, Train Y Loss = 11.69359,  Train X Loss = 0.00000, Val Loss = 13.07216
2025-01-18 08:57:41.232231 Epoch 77, Train Y Loss = 11.69222,  Train X Loss = 0.00000, Val Loss = 13.05886
2025-01-18 08:59:28.909999 Epoch 78, Train Y Loss = 11.69281,  Train X Loss = 0.00000, Val Loss = 13.05410
2025-01-18 09:01:16.837376 Epoch 79, Train Y Loss = 11.69199,  Train X Loss = 0.00000, Val Loss = 13.05155
2025-01-18 09:03:04.535172 Epoch 80, Train Y Loss = 11.69212,  Train X Loss = 0.00000, Val Loss = 13.05503
2025-01-18 09:04:52.227290 Epoch 81, Train Y Loss = 11.69139,  Train X Loss = 0.00000, Val Loss = 13.06600
2025-01-18 09:06:39.820561 Epoch 82, Train Y Loss = 11.69140,  Train X Loss = 0.00000, Val Loss = 13.06083
2025-01-18 09:08:27.792735 Epoch 83, Train Y Loss = 11.69099,  Train X Loss = 0.00000, Val Loss = 13.06167
2025-01-18 09:10:15.812671 Epoch 84, Train Y Loss = 11.69007,  Train X Loss = 0.00000, Val Loss = 13.06691
2025-01-18 09:12:03.622191 Epoch 85, Train Y Loss = 11.69004,  Train X Loss = 0.00000, Val Loss = 13.06794
2025-01-18 09:13:51.400786 Epoch 86, Train Y Loss = 11.68953,  Train X Loss = 0.00000, Val Loss = 13.05673
2025-01-18 09:15:39.472182 Epoch 87, Train Y Loss = 11.68945,  Train X Loss = 0.00000, Val Loss = 13.05883
Change mask ratio: 0.0
2025-01-18 09:17:27.456450 Epoch 88, Train Y Loss = 11.68902,  Train X Loss = 0.00000, Val Loss = 13.05940
2025-01-18 09:19:15.160425 Epoch 89, Train Y Loss = 11.68809,  Train X Loss = 0.00000, Val Loss = 13.06770
2025-01-18 09:21:02.845253 Epoch 90, Train Y Loss = 11.68893,  Train X Loss = 0.00000, Val Loss = 13.06405
2025-01-18 09:22:50.463122 Epoch 91, Train Y Loss = 11.68837,  Train X Loss = 0.00000, Val Loss = 13.06484
2025-01-18 09:24:37.847010 Epoch 92, Train Y Loss = 11.68748,  Train X Loss = 0.00000, Val Loss = 13.06673
2025-01-18 09:26:25.730217 Epoch 93, Train Y Loss = 11.68656,  Train X Loss = 0.00000, Val Loss = 13.06137
2025-01-18 09:28:13.744538 Epoch 94, Train Y Loss = 11.68646,  Train X Loss = 0.00000, Val Loss = 13.06777
2025-01-18 09:30:01.428966 Epoch 95, Train Y Loss = 11.68727,  Train X Loss = 0.00000, Val Loss = 13.06422
Change mask ratio: 0.0
2025-01-18 09:31:49.026362 Epoch 96, Train Y Loss = 11.68666,  Train X Loss = 0.00000, Val Loss = 13.06488
2025-01-18 09:33:36.851936 Epoch 97, Train Y Loss = 11.68618,  Train X Loss = 0.00000, Val Loss = 13.06904
2025-01-18 09:35:24.840777 Epoch 98, Train Y Loss = 11.68593,  Train X Loss = 0.00000, Val Loss = 13.06507
2025-01-18 09:37:12.638295 Epoch 99, Train Y Loss = 11.68575,  Train X Loss = 0.00000, Val Loss = 13.06376
Early stopping at epoch: 99
Best at epoch 79:
Train Loss = 11.69199
Train RMSE = 20.08864, MAE = 12.09727, MAPE = 11.16336
Val Loss = 13.05155
Val RMSE = 22.14325, MAE = 13.57171, MAPE = 12.71751
--------- Test ---------
All Steps RMSE = 26.73826, MAE = 15.52351, MAPE = 15.29081
Step 1 RMSE = 20.30840, MAE = 12.69691, MAPE = 13.02898
Step 2 RMSE = 22.41120, MAE = 13.52377, MAPE = 13.76725
Step 3 RMSE = 24.02192, MAE = 14.20030, MAPE = 14.30959
Step 4 RMSE = 25.27930, MAE = 14.75812, MAPE = 14.69509
Step 5 RMSE = 26.20924, MAE = 15.20172, MAPE = 15.01468
Step 6 RMSE = 26.96140, MAE = 15.59240, MAPE = 15.30383
Step 7 RMSE = 27.64716, MAE = 15.95529, MAPE = 15.58343
Step 8 RMSE = 28.20724, MAE = 16.27291, MAPE = 15.83788
Step 9 RMSE = 28.72996, MAE = 16.57725, MAPE = 16.08383
Step 10 RMSE = 29.23931, MAE = 16.87430, MAPE = 16.34730
Step 11 RMSE = 29.71380, MAE = 17.16488, MAPE = 16.61477
Step 12 RMSE = 30.18796, MAE = 17.46427, MAPE = 16.90298
Inference time: 11.10 s
